[2023-01-04 22:40:25][background-preinit] INFO  org.hibernate.validator.internal.util.Version - HV000001: Hibernate Validator 8.0.0.Final
[2023-01-04 22:40:25][restartedMain] INFO  com.wjl.virosa.VirosaApplication - Starting VirosaApplication using Java 17.0.2 with PID 17860 (D:\workspace\repo\virosa\virosa-server\build\classes\java\main started by wjl in D:\workspace\repo\virosa\virosa-server)
[2023-01-04 22:40:25][restartedMain] INFO  com.wjl.virosa.VirosaApplication - No active profile set, falling back to 1 default profile: "default"
[2023-01-04 22:40:26][restartedMain] INFO  org.apache.coyote.http11.Http11NioProtocol - Initializing ProtocolHandler ["http-nio-8088"]
[2023-01-04 22:40:26][restartedMain] INFO  org.apache.catalina.core.StandardService - Starting service [Tomcat]
[2023-01-04 22:40:26][restartedMain] INFO  org.apache.catalina.core.StandardEngine - Starting Servlet engine: [Apache Tomcat/10.1.4]
[2023-01-04 22:40:26][restartedMain] INFO  org.apache.catalina.core.ContainerBase.[Tomcat].[localhost].[/] - Initializing Spring embedded WebApplicationContext
[2023-01-04 22:40:26][restartedMain] INFO  com.zaxxer.hikari.HikariDataSource - HikariPool-1 - Starting...
[2023-01-04 22:40:27][restartedMain] INFO  com.zaxxer.hikari.pool.HikariPool - HikariPool-1 - Added connection org.postgresql.jdbc.PgConnection@6f369ace
[2023-01-04 22:40:27][restartedMain] INFO  com.zaxxer.hikari.HikariDataSource - HikariPool-1 - Start completed.
[2023-01-04 22:40:27][restartedMain] INFO  org.hibernate.jpa.internal.util.LogHelper - HHH000204: Processing PersistenceUnitInfo [name: default]
[2023-01-04 22:40:27][restartedMain] INFO  org.hibernate.Version - HHH000412: Hibernate ORM core version 6.1.6.Final
[2023-01-04 22:40:27][restartedMain] WARN  org.hibernate.orm.deprecation - HHH90000021: Encountered deprecated setting [javax.persistence.sharedCache.mode], use [jakarta.persistence.sharedCache.mode] instead
[2023-01-04 22:40:27][restartedMain] INFO  SQL dialect - HHH000400: Using dialect: org.hibernate.dialect.PostgreSQLDialect
[2023-01-04 22:40:27][restartedMain] INFO  org.hibernate.engine.transaction.jta.platform.internal.JtaPlatformInitiator - HHH000490: Using JtaPlatform implementation: [org.hibernate.engine.transaction.jta.platform.internal.NoJtaPlatform]
[2023-01-04 22:40:28][restartedMain] INFO  org.apache.coyote.http11.Http11NioProtocol - Starting ProtocolHandler ["http-nio-8088"]
[2023-01-04 22:40:28][restartedMain] INFO  com.wjl.virosa.VirosaApplication - Started VirosaApplication in 3.339 seconds (process running for 4.265)
[2023-01-04 22:40:28][RMI TCP Connection(2)-192.168.0.104] INFO  org.apache.catalina.core.ContainerBase.[Tomcat].[localhost].[/] - Initializing Spring DispatcherServlet 'dispatcherServlet'
[2023-01-04 22:41:06][SpringApplicationShutdownHook] INFO  com.zaxxer.hikari.HikariDataSource - HikariPool-1 - Shutdown initiated...
[2023-01-04 22:41:06][SpringApplicationShutdownHook] INFO  com.zaxxer.hikari.HikariDataSource - HikariPool-1 - Shutdown completed.
[2023-01-04 22:41:09][background-preinit] INFO  org.hibernate.validator.internal.util.Version - HV000001: Hibernate Validator 8.0.0.Final
[2023-01-04 22:41:09][restartedMain] INFO  com.wjl.virosa.VirosaApplication - Starting VirosaApplication using Java 17.0.2 with PID 25384 (D:\workspace\repo\virosa\virosa-server\build\classes\java\main started by wjl in D:\workspace\repo\virosa\virosa-server)
[2023-01-04 22:41:09][restartedMain] INFO  com.wjl.virosa.VirosaApplication - No active profile set, falling back to 1 default profile: "default"
[2023-01-04 22:41:10][restartedMain] INFO  org.apache.coyote.http11.Http11NioProtocol - Initializing ProtocolHandler ["http-nio-8088"]
[2023-01-04 22:41:10][restartedMain] INFO  org.apache.catalina.core.StandardService - Starting service [Tomcat]
[2023-01-04 22:41:10][restartedMain] INFO  org.apache.catalina.core.StandardEngine - Starting Servlet engine: [Apache Tomcat/10.1.4]
[2023-01-04 22:41:11][restartedMain] INFO  org.apache.catalina.core.ContainerBase.[Tomcat].[localhost].[/] - Initializing Spring embedded WebApplicationContext
[2023-01-04 22:41:11][restartedMain] INFO  com.zaxxer.hikari.HikariDataSource - HikariPool-1 - Starting...
[2023-01-04 22:41:11][restartedMain] INFO  com.zaxxer.hikari.pool.HikariPool - HikariPool-1 - Added connection org.postgresql.jdbc.PgConnection@7192d832
[2023-01-04 22:41:11][restartedMain] INFO  com.zaxxer.hikari.HikariDataSource - HikariPool-1 - Start completed.
[2023-01-04 22:41:11][restartedMain] INFO  org.hibernate.jpa.internal.util.LogHelper - HHH000204: Processing PersistenceUnitInfo [name: default]
[2023-01-04 22:41:11][restartedMain] INFO  org.hibernate.Version - HHH000412: Hibernate ORM core version 6.1.6.Final
[2023-01-04 22:41:11][restartedMain] WARN  org.hibernate.orm.deprecation - HHH90000021: Encountered deprecated setting [javax.persistence.sharedCache.mode], use [jakarta.persistence.sharedCache.mode] instead
[2023-01-04 22:41:11][restartedMain] INFO  SQL dialect - HHH000400: Using dialect: org.hibernate.dialect.PostgreSQLDialect
[2023-01-04 22:41:11][restartedMain] INFO  org.hibernate.engine.transaction.jta.platform.internal.JtaPlatformInitiator - HHH000490: Using JtaPlatform implementation: [org.hibernate.engine.transaction.jta.platform.internal.NoJtaPlatform]
[2023-01-04 22:41:12][restartedMain] INFO  org.apache.coyote.http11.Http11NioProtocol - Starting ProtocolHandler ["http-nio-8088"]
[2023-01-04 22:41:12][restartedMain] INFO  com.wjl.virosa.VirosaApplication - Started VirosaApplication in 3.07 seconds (process running for 3.862)
[2023-01-04 22:41:12][RMI TCP Connection(3)-192.168.0.104] INFO  org.apache.catalina.core.ContainerBase.[Tomcat].[localhost].[/] - Initializing Spring DispatcherServlet 'dispatcherServlet'
[2023-01-04 22:41:30][SpringApplicationShutdownHook] INFO  com.zaxxer.hikari.HikariDataSource - HikariPool-1 - Shutdown initiated...
[2023-01-04 22:41:30][SpringApplicationShutdownHook] INFO  com.zaxxer.hikari.HikariDataSource - HikariPool-1 - Shutdown completed.
[2023-01-04 23:13:31][background-preinit] INFO  org.hibernate.validator.internal.util.Version - HV000001: Hibernate Validator 8.0.0.Final
[2023-01-04 23:13:31][restartedMain] INFO  com.wjl.virosa.VirosaApplication - Starting VirosaApplication using Java 17.0.2 with PID 9992 (D:\workspace\repo\virosa\virosa-server\build\classes\java\main started by wjl in D:\workspace\repo\virosa\virosa-server)
[2023-01-04 23:13:31][restartedMain] INFO  com.wjl.virosa.VirosaApplication - No active profile set, falling back to 1 default profile: "default"
[2023-01-04 23:13:32][restartedMain] INFO  org.apache.coyote.http11.Http11NioProtocol - Initializing ProtocolHandler ["http-nio-8088"]
[2023-01-04 23:13:32][restartedMain] INFO  org.apache.catalina.core.StandardService - Starting service [Tomcat]
[2023-01-04 23:13:32][restartedMain] INFO  org.apache.catalina.core.StandardEngine - Starting Servlet engine: [Apache Tomcat/10.1.4]
[2023-01-04 23:13:32][restartedMain] INFO  org.apache.catalina.core.ContainerBase.[Tomcat].[localhost].[/] - Initializing Spring embedded WebApplicationContext
[2023-01-04 23:13:32][restartedMain] INFO  com.zaxxer.hikari.HikariDataSource - HikariPool-1 - Starting...
[2023-01-04 23:13:32][restartedMain] INFO  com.zaxxer.hikari.pool.HikariPool - HikariPool-1 - Added connection org.postgresql.jdbc.PgConnection@286acfe8
[2023-01-04 23:13:32][restartedMain] INFO  com.zaxxer.hikari.HikariDataSource - HikariPool-1 - Start completed.
[2023-01-04 23:13:32][restartedMain] INFO  org.hibernate.jpa.internal.util.LogHelper - HHH000204: Processing PersistenceUnitInfo [name: default]
[2023-01-04 23:13:33][restartedMain] INFO  org.hibernate.Version - HHH000412: Hibernate ORM core version 6.1.6.Final
[2023-01-04 23:13:33][restartedMain] WARN  org.hibernate.orm.deprecation - HHH90000021: Encountered deprecated setting [javax.persistence.sharedCache.mode], use [jakarta.persistence.sharedCache.mode] instead
[2023-01-04 23:13:33][restartedMain] INFO  SQL dialect - HHH000400: Using dialect: org.hibernate.dialect.PostgreSQLDialect
[2023-01-04 23:13:33][restartedMain] INFO  org.hibernate.engine.transaction.jta.platform.internal.JtaPlatformInitiator - HHH000490: Using JtaPlatform implementation: [org.hibernate.engine.transaction.jta.platform.internal.NoJtaPlatform]
[2023-01-04 23:13:34][restartedMain] INFO  org.apache.coyote.http11.Http11NioProtocol - Starting ProtocolHandler ["http-nio-8088"]
[2023-01-04 23:13:34][restartedMain] INFO  com.wjl.virosa.VirosaApplication - Started VirosaApplication in 3.27 seconds (process running for 4.255)
[2023-01-04 23:13:34][RMI TCP Connection(2)-192.168.0.104] INFO  org.apache.catalina.core.ContainerBase.[Tomcat].[localhost].[/] - Initializing Spring DispatcherServlet 'dispatcherServlet'
[2023-01-04 23:13:37][SpringApplicationShutdownHook] INFO  com.zaxxer.hikari.HikariDataSource - HikariPool-1 - Shutdown initiated...
[2023-01-04 23:13:37][SpringApplicationShutdownHook] INFO  com.zaxxer.hikari.HikariDataSource - HikariPool-1 - Shutdown completed.
[2023-01-04 23:23:08][background-preinit] INFO  org.hibernate.validator.internal.util.Version - HV000001: Hibernate Validator 8.0.0.Final
[2023-01-04 23:23:08][restartedMain] INFO  com.wjl.virosa.VirosaApplication - Starting VirosaApplication using Java 17.0.2 with PID 2132 (D:\workspace\repo\virosa\virosa-server\build\classes\java\main started by wjl in D:\workspace\repo\virosa\virosa-server)
[2023-01-04 23:23:08][restartedMain] INFO  com.wjl.virosa.VirosaApplication - No active profile set, falling back to 1 default profile: "default"
[2023-01-04 23:23:09][restartedMain] INFO  org.apache.coyote.http11.Http11NioProtocol - Initializing ProtocolHandler ["http-nio-8088"]
[2023-01-04 23:23:09][restartedMain] INFO  org.apache.catalina.core.StandardService - Starting service [Tomcat]
[2023-01-04 23:23:09][restartedMain] INFO  org.apache.catalina.core.StandardEngine - Starting Servlet engine: [Apache Tomcat/10.1.4]
[2023-01-04 23:23:09][restartedMain] INFO  org.apache.catalina.core.ContainerBase.[Tomcat].[localhost].[/] - Initializing Spring embedded WebApplicationContext
[2023-01-04 23:23:10][restartedMain] INFO  com.zaxxer.hikari.HikariDataSource - HikariPool-1 - Starting...
[2023-01-04 23:23:10][restartedMain] INFO  com.zaxxer.hikari.pool.HikariPool - HikariPool-1 - Added connection org.postgresql.jdbc.PgConnection@30699328
[2023-01-04 23:23:10][restartedMain] INFO  com.zaxxer.hikari.HikariDataSource - HikariPool-1 - Start completed.
[2023-01-04 23:23:10][restartedMain] INFO  org.hibernate.jpa.internal.util.LogHelper - HHH000204: Processing PersistenceUnitInfo [name: default]
[2023-01-04 23:23:10][restartedMain] INFO  org.hibernate.Version - HHH000412: Hibernate ORM core version 6.1.6.Final
[2023-01-04 23:23:10][restartedMain] WARN  org.hibernate.orm.deprecation - HHH90000021: Encountered deprecated setting [javax.persistence.sharedCache.mode], use [jakarta.persistence.sharedCache.mode] instead
[2023-01-04 23:23:10][restartedMain] INFO  SQL dialect - HHH000400: Using dialect: org.hibernate.dialect.PostgreSQLDialect
[2023-01-04 23:23:11][restartedMain] INFO  org.hibernate.engine.transaction.jta.platform.internal.JtaPlatformInitiator - HHH000490: Using JtaPlatform implementation: [org.hibernate.engine.transaction.jta.platform.internal.NoJtaPlatform]
[2023-01-04 23:23:12][restartedMain] INFO  org.apache.coyote.http11.Http11NioProtocol - Starting ProtocolHandler ["http-nio-8088"]
[2023-01-04 23:23:12][restartedMain] INFO  com.wjl.virosa.VirosaApplication - Started VirosaApplication in 4.192 seconds (process running for 5.184)
[2023-01-04 23:23:12][RMI TCP Connection(1)-192.168.0.104] INFO  org.apache.catalina.core.ContainerBase.[Tomcat].[localhost].[/] - Initializing Spring DispatcherServlet 'dispatcherServlet'
[2023-01-04 23:23:16][SpringApplicationShutdownHook] INFO  com.zaxxer.hikari.HikariDataSource - HikariPool-1 - Shutdown initiated...
[2023-01-04 23:23:16][SpringApplicationShutdownHook] INFO  com.zaxxer.hikari.HikariDataSource - HikariPool-1 - Shutdown completed.
[2023-01-04 23:25:54][background-preinit] INFO  org.hibernate.validator.internal.util.Version - HV000001: Hibernate Validator 8.0.0.Final
[2023-01-04 23:25:54][restartedMain] INFO  com.wjl.virosa.VirosaApplication - Starting VirosaApplication using Java 17.0.2 with PID 25528 (D:\workspace\repo\virosa\virosa-server\build\classes\java\main started by wjl in D:\workspace\repo\virosa\virosa-server)
[2023-01-04 23:25:54][restartedMain] INFO  com.wjl.virosa.VirosaApplication - No active profile set, falling back to 1 default profile: "default"
[2023-01-04 23:25:56][restartedMain] INFO  org.apache.coyote.http11.Http11NioProtocol - Initializing ProtocolHandler ["http-nio-8088"]
[2023-01-04 23:25:56][restartedMain] INFO  org.apache.catalina.core.StandardService - Starting service [Tomcat]
[2023-01-04 23:25:56][restartedMain] INFO  org.apache.catalina.core.StandardEngine - Starting Servlet engine: [Apache Tomcat/10.1.4]
[2023-01-04 23:25:56][restartedMain] INFO  org.apache.catalina.core.ContainerBase.[Tomcat].[localhost].[/] - Initializing Spring embedded WebApplicationContext
[2023-01-04 23:25:56][restartedMain] INFO  com.zaxxer.hikari.HikariDataSource - HikariPool-1 - Starting...
[2023-01-04 23:25:56][restartedMain] INFO  com.zaxxer.hikari.pool.HikariPool - HikariPool-1 - Added connection org.postgresql.jdbc.PgConnection@2d05141d
[2023-01-04 23:25:56][restartedMain] INFO  com.zaxxer.hikari.HikariDataSource - HikariPool-1 - Start completed.
[2023-01-04 23:25:56][restartedMain] INFO  org.hibernate.jpa.internal.util.LogHelper - HHH000204: Processing PersistenceUnitInfo [name: default]
[2023-01-04 23:25:56][restartedMain] INFO  org.hibernate.Version - HHH000412: Hibernate ORM core version 6.1.6.Final
[2023-01-04 23:25:56][restartedMain] WARN  org.hibernate.orm.deprecation - HHH90000021: Encountered deprecated setting [javax.persistence.sharedCache.mode], use [jakarta.persistence.sharedCache.mode] instead
[2023-01-04 23:25:56][restartedMain] INFO  SQL dialect - HHH000400: Using dialect: org.hibernate.dialect.PostgreSQLDialect
[2023-01-04 23:25:57][restartedMain] INFO  org.hibernate.engine.transaction.jta.platform.internal.JtaPlatformInitiator - HHH000490: Using JtaPlatform implementation: [org.hibernate.engine.transaction.jta.platform.internal.NoJtaPlatform]
[2023-01-04 23:25:58][restartedMain] INFO  org.apache.coyote.http11.Http11NioProtocol - Starting ProtocolHandler ["http-nio-8088"]
[2023-01-04 23:25:58][restartedMain] INFO  com.wjl.virosa.VirosaApplication - Started VirosaApplication in 3.981 seconds (process running for 4.933)
[2023-01-04 23:25:58][RMI TCP Connection(3)-192.168.0.104] INFO  org.apache.catalina.core.ContainerBase.[Tomcat].[localhost].[/] - Initializing Spring DispatcherServlet 'dispatcherServlet'
[2023-01-04 23:26:06][SpringApplicationShutdownHook] INFO  com.zaxxer.hikari.HikariDataSource - HikariPool-1 - Shutdown initiated...
[2023-01-04 23:26:06][SpringApplicationShutdownHook] INFO  com.zaxxer.hikari.HikariDataSource - HikariPool-1 - Shutdown completed.
[2023-01-04 23:26:10][background-preinit] INFO  org.hibernate.validator.internal.util.Version - HV000001: Hibernate Validator 8.0.0.Final
[2023-01-04 23:26:10][restartedMain] INFO  com.wjl.virosa.VirosaApplication - Starting VirosaApplication using Java 17.0.2 with PID 5208 (D:\workspace\repo\virosa\virosa-server\build\classes\java\main started by wjl in D:\workspace\repo\virosa\virosa-server)
[2023-01-04 23:26:10][restartedMain] INFO  com.wjl.virosa.VirosaApplication - No active profile set, falling back to 1 default profile: "default"
[2023-01-04 23:26:12][restartedMain] INFO  org.apache.coyote.http11.Http11NioProtocol - Initializing ProtocolHandler ["http-nio-8088"]
[2023-01-04 23:26:12][restartedMain] INFO  org.apache.catalina.core.StandardService - Starting service [Tomcat]
[2023-01-04 23:26:12][restartedMain] INFO  org.apache.catalina.core.StandardEngine - Starting Servlet engine: [Apache Tomcat/10.1.4]
[2023-01-04 23:26:12][restartedMain] INFO  org.apache.catalina.core.ContainerBase.[Tomcat].[localhost].[/] - Initializing Spring embedded WebApplicationContext
[2023-01-04 23:26:12][restartedMain] INFO  com.zaxxer.hikari.HikariDataSource - HikariPool-1 - Starting...
[2023-01-04 23:26:12][restartedMain] INFO  com.zaxxer.hikari.pool.HikariPool - HikariPool-1 - Added connection org.postgresql.jdbc.PgConnection@7e80047
[2023-01-04 23:26:12][restartedMain] INFO  com.zaxxer.hikari.HikariDataSource - HikariPool-1 - Start completed.
[2023-01-04 23:26:12][restartedMain] INFO  org.hibernate.jpa.internal.util.LogHelper - HHH000204: Processing PersistenceUnitInfo [name: default]
[2023-01-04 23:26:12][restartedMain] INFO  org.hibernate.Version - HHH000412: Hibernate ORM core version 6.1.6.Final
[2023-01-04 23:26:12][restartedMain] WARN  org.hibernate.orm.deprecation - HHH90000021: Encountered deprecated setting [javax.persistence.sharedCache.mode], use [jakarta.persistence.sharedCache.mode] instead
[2023-01-04 23:26:12][restartedMain] INFO  SQL dialect - HHH000400: Using dialect: org.hibernate.dialect.PostgreSQLDialect
[2023-01-04 23:26:13][restartedMain] INFO  org.hibernate.engine.transaction.jta.platform.internal.JtaPlatformInitiator - HHH000490: Using JtaPlatform implementation: [org.hibernate.engine.transaction.jta.platform.internal.NoJtaPlatform]
[2023-01-04 23:26:14][restartedMain] INFO  org.apache.coyote.http11.Http11NioProtocol - Starting ProtocolHandler ["http-nio-8088"]
[2023-01-04 23:26:14][restartedMain] INFO  com.wjl.virosa.VirosaApplication - Started VirosaApplication in 3.964 seconds (process running for 4.75)
[2023-01-04 23:26:14][RMI TCP Connection(3)-192.168.0.104] INFO  org.apache.catalina.core.ContainerBase.[Tomcat].[localhost].[/] - Initializing Spring DispatcherServlet 'dispatcherServlet'
[2023-01-04 23:26:20][http-nio-8088-exec-1] ERROR com.wjl.virosa.filter.handler.RestExceptionHandler - 全局异常信息 ex=Cannot invoke "org.aspectj.lang.Signature.getDeclaringTypeName()" because "this.signature" is null
java.lang.NullPointerException: Cannot invoke "org.aspectj.lang.Signature.getDeclaringTypeName()" because "this.signature" is null
	at com.wjl.virosa.aspect.TimeLogger.adviceBefore(TimeLogger.java:39) ~[main/:?]
	at jdk.internal.reflect.NativeMethodAccessorImpl.invoke0(Native Method) ~[?:?]
	at jdk.internal.reflect.NativeMethodAccessorImpl.invoke(NativeMethodAccessorImpl.java:77) ~[?:?]
	at jdk.internal.reflect.DelegatingMethodAccessorImpl.invoke(DelegatingMethodAccessorImpl.java:43) ~[?:?]
	at java.lang.reflect.Method.invoke(Method.java:568) ~[?:?]
	at org.springframework.aop.aspectj.AbstractAspectJAdvice.invokeAdviceMethodWithGivenArgs(AbstractAspectJAdvice.java:633) ~[spring-aop-6.0.3.jar:6.0.3]
	at org.springframework.aop.aspectj.AbstractAspectJAdvice.invokeAdviceMethod(AbstractAspectJAdvice.java:616) ~[spring-aop-6.0.3.jar:6.0.3]
	at org.springframework.aop.aspectj.AspectJMethodBeforeAdvice.before(AspectJMethodBeforeAdvice.java:44) ~[spring-aop-6.0.3.jar:6.0.3]
	at org.springframework.aop.framework.adapter.MethodBeforeAdviceInterceptor.invoke(MethodBeforeAdviceInterceptor.java:57) ~[spring-aop-6.0.3.jar:6.0.3]
	at org.springframework.aop.framework.ReflectiveMethodInvocation.proceed(ReflectiveMethodInvocation.java:173) ~[spring-aop-6.0.3.jar:6.0.3]
	at org.springframework.aop.framework.CglibAopProxy$CglibMethodInvocation.proceed(CglibAopProxy.java:752) ~[spring-aop-6.0.3.jar:6.0.3]
	at org.springframework.aop.interceptor.ExposeInvocationInterceptor.invoke(ExposeInvocationInterceptor.java:97) ~[spring-aop-6.0.3.jar:6.0.3]
	at org.springframework.aop.framework.ReflectiveMethodInvocation.proceed(ReflectiveMethodInvocation.java:184) ~[spring-aop-6.0.3.jar:6.0.3]
	at org.springframework.aop.framework.CglibAopProxy$CglibMethodInvocation.proceed(CglibAopProxy.java:752) ~[spring-aop-6.0.3.jar:6.0.3]
	at org.springframework.aop.framework.CglibAopProxy$DynamicAdvisedInterceptor.intercept(CglibAopProxy.java:703) ~[spring-aop-6.0.3.jar:6.0.3]
	at com.wjl.virosa.controller.HelloController$$SpringCGLIB$$0.hello(<generated>) ~[main/:?]
	at jdk.internal.reflect.NativeMethodAccessorImpl.invoke0(Native Method) ~[?:?]
	at jdk.internal.reflect.NativeMethodAccessorImpl.invoke(NativeMethodAccessorImpl.java:77) ~[?:?]
	at jdk.internal.reflect.DelegatingMethodAccessorImpl.invoke(DelegatingMethodAccessorImpl.java:43) ~[?:?]
	at java.lang.reflect.Method.invoke(Method.java:568) ~[?:?]
	at org.springframework.web.method.support.InvocableHandlerMethod.doInvoke(InvocableHandlerMethod.java:207) ~[spring-web-6.0.3.jar:6.0.3]
	at org.springframework.web.method.support.InvocableHandlerMethod.invokeForRequest(InvocableHandlerMethod.java:152) ~[spring-web-6.0.3.jar:6.0.3]
	at org.springframework.web.servlet.mvc.method.annotation.ServletInvocableHandlerMethod.invokeAndHandle(ServletInvocableHandlerMethod.java:117) ~[spring-webmvc-6.0.3.jar:6.0.3]
	at org.springframework.web.servlet.mvc.method.annotation.RequestMappingHandlerAdapter.invokeHandlerMethod(RequestMappingHandlerAdapter.java:884) ~[spring-webmvc-6.0.3.jar:6.0.3]
	at org.springframework.web.servlet.mvc.method.annotation.RequestMappingHandlerAdapter.handleInternal(RequestMappingHandlerAdapter.java:797) ~[spring-webmvc-6.0.3.jar:6.0.3]
	at org.springframework.web.servlet.mvc.method.AbstractHandlerMethodAdapter.handle(AbstractHandlerMethodAdapter.java:87) ~[spring-webmvc-6.0.3.jar:6.0.3]
	at org.springframework.web.servlet.DispatcherServlet.doDispatch(DispatcherServlet.java:1080) ~[spring-webmvc-6.0.3.jar:6.0.3]
	at org.springframework.web.servlet.DispatcherServlet.doService(DispatcherServlet.java:973) ~[spring-webmvc-6.0.3.jar:6.0.3]
	at org.springframework.web.servlet.FrameworkServlet.processRequest(FrameworkServlet.java:1010) ~[spring-webmvc-6.0.3.jar:6.0.3]
	at org.springframework.web.servlet.FrameworkServlet.doGet(FrameworkServlet.java:902) ~[spring-webmvc-6.0.3.jar:6.0.3]
	at jakarta.servlet.http.HttpServlet.service(HttpServlet.java:705) ~[tomcat-embed-core-10.1.4.jar:6.0]
	at org.springframework.web.servlet.FrameworkServlet.service(FrameworkServlet.java:884) ~[spring-webmvc-6.0.3.jar:6.0.3]
	at jakarta.servlet.http.HttpServlet.service(HttpServlet.java:814) ~[tomcat-embed-core-10.1.4.jar:6.0]
	at org.apache.catalina.core.ApplicationFilterChain.internalDoFilter(ApplicationFilterChain.java:223) ~[tomcat-embed-core-10.1.4.jar:10.1.4]
	at org.apache.catalina.core.ApplicationFilterChain.doFilter(ApplicationFilterChain.java:158) ~[tomcat-embed-core-10.1.4.jar:10.1.4]
	at org.apache.tomcat.websocket.server.WsFilter.doFilter(WsFilter.java:53) ~[tomcat-embed-websocket-10.1.4.jar:10.1.4]
	at org.apache.catalina.core.ApplicationFilterChain.internalDoFilter(ApplicationFilterChain.java:185) ~[tomcat-embed-core-10.1.4.jar:10.1.4]
	at org.apache.catalina.core.ApplicationFilterChain.doFilter(ApplicationFilterChain.java:158) ~[tomcat-embed-core-10.1.4.jar:10.1.4]
	at org.springframework.web.filter.RequestContextFilter.doFilterInternal(RequestContextFilter.java:100) ~[spring-web-6.0.3.jar:6.0.3]
	at org.springframework.web.filter.OncePerRequestFilter.doFilter(OncePerRequestFilter.java:116) ~[spring-web-6.0.3.jar:6.0.3]
	at org.apache.catalina.core.ApplicationFilterChain.internalDoFilter(ApplicationFilterChain.java:185) ~[tomcat-embed-core-10.1.4.jar:10.1.4]
	at org.apache.catalina.core.ApplicationFilterChain.doFilter(ApplicationFilterChain.java:158) ~[tomcat-embed-core-10.1.4.jar:10.1.4]
	at org.springframework.web.filter.FormContentFilter.doFilterInternal(FormContentFilter.java:93) ~[spring-web-6.0.3.jar:6.0.3]
	at org.springframework.web.filter.OncePerRequestFilter.doFilter(OncePerRequestFilter.java:116) ~[spring-web-6.0.3.jar:6.0.3]
	at org.apache.catalina.core.ApplicationFilterChain.internalDoFilter(ApplicationFilterChain.java:185) ~[tomcat-embed-core-10.1.4.jar:10.1.4]
	at org.apache.catalina.core.ApplicationFilterChain.doFilter(ApplicationFilterChain.java:158) ~[tomcat-embed-core-10.1.4.jar:10.1.4]
	at org.springframework.web.filter.ServerHttpObservationFilter.doFilterInternal(ServerHttpObservationFilter.java:109) ~[spring-web-6.0.3.jar:6.0.3]
	at org.springframework.web.filter.OncePerRequestFilter.doFilter(OncePerRequestFilter.java:116) ~[spring-web-6.0.3.jar:6.0.3]
	at org.apache.catalina.core.ApplicationFilterChain.internalDoFilter(ApplicationFilterChain.java:185) ~[tomcat-embed-core-10.1.4.jar:10.1.4]
	at org.apache.catalina.core.ApplicationFilterChain.doFilter(ApplicationFilterChain.java:158) ~[tomcat-embed-core-10.1.4.jar:10.1.4]
	at org.springframework.web.filter.CharacterEncodingFilter.doFilterInternal(CharacterEncodingFilter.java:201) ~[spring-web-6.0.3.jar:6.0.3]
	at org.springframework.web.filter.OncePerRequestFilter.doFilter(OncePerRequestFilter.java:116) ~[spring-web-6.0.3.jar:6.0.3]
	at org.apache.catalina.core.ApplicationFilterChain.internalDoFilter(ApplicationFilterChain.java:185) ~[tomcat-embed-core-10.1.4.jar:10.1.4]
	at org.apache.catalina.core.ApplicationFilterChain.doFilter(ApplicationFilterChain.java:158) ~[tomcat-embed-core-10.1.4.jar:10.1.4]
	at org.apache.catalina.core.StandardWrapperValve.invoke(StandardWrapperValve.java:177) ~[tomcat-embed-core-10.1.4.jar:10.1.4]
	at org.apache.catalina.core.StandardContextValve.invoke(StandardContextValve.java:97) ~[tomcat-embed-core-10.1.4.jar:10.1.4]
	at org.apache.catalina.authenticator.AuthenticatorBase.invoke(AuthenticatorBase.java:542) ~[tomcat-embed-core-10.1.4.jar:10.1.4]
	at org.apache.catalina.core.StandardHostValve.invoke(StandardHostValve.java:119) ~[tomcat-embed-core-10.1.4.jar:10.1.4]
	at org.apache.catalina.valves.ErrorReportValve.invoke(ErrorReportValve.java:92) ~[tomcat-embed-core-10.1.4.jar:10.1.4]
	at org.apache.catalina.core.StandardEngineValve.invoke(StandardEngineValve.java:78) ~[tomcat-embed-core-10.1.4.jar:10.1.4]
	at org.apache.catalina.connector.CoyoteAdapter.service(CoyoteAdapter.java:357) ~[tomcat-embed-core-10.1.4.jar:10.1.4]
	at org.apache.coyote.http11.Http11Processor.service(Http11Processor.java:400) ~[tomcat-embed-core-10.1.4.jar:10.1.4]
	at org.apache.coyote.AbstractProcessorLight.process(AbstractProcessorLight.java:65) ~[tomcat-embed-core-10.1.4.jar:10.1.4]
	at org.apache.coyote.AbstractProtocol$ConnectionHandler.process(AbstractProtocol.java:859) ~[tomcat-embed-core-10.1.4.jar:10.1.4]
	at org.apache.tomcat.util.net.NioEndpoint$SocketProcessor.doRun(NioEndpoint.java:1734) ~[tomcat-embed-core-10.1.4.jar:10.1.4]
	at org.apache.tomcat.util.net.SocketProcessorBase.run(SocketProcessorBase.java:52) ~[tomcat-embed-core-10.1.4.jar:10.1.4]
	at org.apache.tomcat.util.threads.ThreadPoolExecutor.runWorker(ThreadPoolExecutor.java:1191) ~[tomcat-embed-core-10.1.4.jar:10.1.4]
	at org.apache.tomcat.util.threads.ThreadPoolExecutor$Worker.run(ThreadPoolExecutor.java:659) ~[tomcat-embed-core-10.1.4.jar:10.1.4]
	at org.apache.tomcat.util.threads.TaskThread$WrappingRunnable.run(TaskThread.java:61) ~[tomcat-embed-core-10.1.4.jar:10.1.4]
	at java.lang.Thread.run(Thread.java:833) ~[?:?]
[2023-01-04 23:27:03][SpringApplicationShutdownHook] INFO  com.zaxxer.hikari.HikariDataSource - HikariPool-1 - Shutdown initiated...
[2023-01-04 23:27:03][SpringApplicationShutdownHook] INFO  com.zaxxer.hikari.HikariDataSource - HikariPool-1 - Shutdown completed.
[2023-01-04 23:27:06][background-preinit] INFO  org.hibernate.validator.internal.util.Version - HV000001: Hibernate Validator 8.0.0.Final
[2023-01-04 23:27:06][restartedMain] INFO  com.wjl.virosa.VirosaApplication - Starting VirosaApplication using Java 17.0.2 with PID 24032 (D:\workspace\repo\virosa\virosa-server\build\classes\java\main started by wjl in D:\workspace\repo\virosa\virosa-server)
[2023-01-04 23:27:06][restartedMain] INFO  com.wjl.virosa.VirosaApplication - No active profile set, falling back to 1 default profile: "default"
[2023-01-04 23:27:08][restartedMain] INFO  org.apache.coyote.http11.Http11NioProtocol - Initializing ProtocolHandler ["http-nio-8088"]
[2023-01-04 23:27:08][restartedMain] INFO  org.apache.catalina.core.StandardService - Starting service [Tomcat]
[2023-01-04 23:27:08][restartedMain] INFO  org.apache.catalina.core.StandardEngine - Starting Servlet engine: [Apache Tomcat/10.1.4]
[2023-01-04 23:27:08][restartedMain] INFO  org.apache.catalina.core.ContainerBase.[Tomcat].[localhost].[/] - Initializing Spring embedded WebApplicationContext
[2023-01-04 23:27:09][restartedMain] INFO  com.zaxxer.hikari.HikariDataSource - HikariPool-1 - Starting...
[2023-01-04 23:27:09][restartedMain] INFO  com.zaxxer.hikari.pool.HikariPool - HikariPool-1 - Added connection org.postgresql.jdbc.PgConnection@6a94a312
[2023-01-04 23:27:09][restartedMain] INFO  com.zaxxer.hikari.HikariDataSource - HikariPool-1 - Start completed.
[2023-01-04 23:27:09][restartedMain] INFO  org.hibernate.jpa.internal.util.LogHelper - HHH000204: Processing PersistenceUnitInfo [name: default]
[2023-01-04 23:27:09][restartedMain] INFO  org.hibernate.Version - HHH000412: Hibernate ORM core version 6.1.6.Final
[2023-01-04 23:27:09][restartedMain] WARN  org.hibernate.orm.deprecation - HHH90000021: Encountered deprecated setting [javax.persistence.sharedCache.mode], use [jakarta.persistence.sharedCache.mode] instead
[2023-01-04 23:27:09][restartedMain] INFO  SQL dialect - HHH000400: Using dialect: org.hibernate.dialect.PostgreSQLDialect
[2023-01-04 23:27:09][restartedMain] INFO  org.hibernate.engine.transaction.jta.platform.internal.JtaPlatformInitiator - HHH000490: Using JtaPlatform implementation: [org.hibernate.engine.transaction.jta.platform.internal.NoJtaPlatform]
[2023-01-04 23:27:10][restartedMain] INFO  org.apache.coyote.http11.Http11NioProtocol - Starting ProtocolHandler ["http-nio-8088"]
[2023-01-04 23:27:10][restartedMain] INFO  com.wjl.virosa.VirosaApplication - Started VirosaApplication in 4.067 seconds (process running for 4.829)
[2023-01-04 23:27:11][RMI TCP Connection(3)-192.168.0.104] INFO  org.apache.catalina.core.ContainerBase.[Tomcat].[localhost].[/] - Initializing Spring DispatcherServlet 'dispatcherServlet'
[2023-01-04 23:27:13][http-nio-8088-exec-1] INFO  com.wjl.virosa.aspect.TimeLogger - com.wjl.virosa.controller.HelloController --- begin --- 1672846033355
[2023-01-04 23:27:13][http-nio-8088-exec-1] INFO  com.wjl.virosa.aspect.TimeLogger - hello --- end --- 1672846033357, cost 0.002 s
[2023-01-04 23:30:22][SpringApplicationShutdownHook] INFO  com.zaxxer.hikari.HikariDataSource - HikariPool-1 - Shutdown initiated...
[2023-01-04 23:30:22][SpringApplicationShutdownHook] INFO  com.zaxxer.hikari.HikariDataSource - HikariPool-1 - Shutdown completed.
[2023-01-04 23:30:26][background-preinit] INFO  org.hibernate.validator.internal.util.Version - HV000001: Hibernate Validator 8.0.0.Final
[2023-01-04 23:30:26][restartedMain] INFO  com.wjl.virosa.VirosaApplication - Starting VirosaApplication using Java 17.0.2 with PID 19216 (D:\workspace\repo\virosa\virosa-server\build\classes\java\main started by wjl in D:\workspace\repo\virosa\virosa-server)
[2023-01-04 23:30:26][restartedMain] INFO  com.wjl.virosa.VirosaApplication - No active profile set, falling back to 1 default profile: "default"
[2023-01-04 23:30:27][restartedMain] INFO  org.apache.coyote.http11.Http11NioProtocol - Initializing ProtocolHandler ["http-nio-8088"]
[2023-01-04 23:30:27][restartedMain] INFO  org.apache.catalina.core.StandardService - Starting service [Tomcat]
[2023-01-04 23:30:27][restartedMain] INFO  org.apache.catalina.core.StandardEngine - Starting Servlet engine: [Apache Tomcat/10.1.4]
[2023-01-04 23:30:28][restartedMain] INFO  org.apache.catalina.core.ContainerBase.[Tomcat].[localhost].[/] - Initializing Spring embedded WebApplicationContext
[2023-01-04 23:30:28][restartedMain] INFO  com.zaxxer.hikari.HikariDataSource - HikariPool-1 - Starting...
[2023-01-04 23:30:28][restartedMain] INFO  com.zaxxer.hikari.pool.HikariPool - HikariPool-1 - Added connection org.postgresql.jdbc.PgConnection@b49211a
[2023-01-04 23:30:28][restartedMain] INFO  com.zaxxer.hikari.HikariDataSource - HikariPool-1 - Start completed.
[2023-01-04 23:30:28][restartedMain] INFO  org.hibernate.jpa.internal.util.LogHelper - HHH000204: Processing PersistenceUnitInfo [name: default]
[2023-01-04 23:30:28][restartedMain] INFO  org.hibernate.Version - HHH000412: Hibernate ORM core version 6.1.6.Final
[2023-01-04 23:30:28][restartedMain] WARN  org.hibernate.orm.deprecation - HHH90000021: Encountered deprecated setting [javax.persistence.sharedCache.mode], use [jakarta.persistence.sharedCache.mode] instead
[2023-01-04 23:30:28][restartedMain] INFO  SQL dialect - HHH000400: Using dialect: org.hibernate.dialect.PostgreSQLDialect
[2023-01-04 23:30:29][restartedMain] INFO  org.hibernate.engine.transaction.jta.platform.internal.JtaPlatformInitiator - HHH000490: Using JtaPlatform implementation: [org.hibernate.engine.transaction.jta.platform.internal.NoJtaPlatform]
[2023-01-04 23:30:30][restartedMain] INFO  org.apache.coyote.http11.Http11NioProtocol - Starting ProtocolHandler ["http-nio-8088"]
[2023-01-04 23:30:30][restartedMain] INFO  com.wjl.virosa.VirosaApplication - Started VirosaApplication in 3.887 seconds (process running for 4.642)
[2023-01-04 23:30:30][RMI TCP Connection(1)-192.168.0.104] INFO  org.apache.catalina.core.ContainerBase.[Tomcat].[localhost].[/] - Initializing Spring DispatcherServlet 'dispatcherServlet'
[2023-01-04 23:30:32][http-nio-8088-exec-1] INFO  com.wjl.virosa.aspect.TimeLogger - com.wjl.virosa.controller.HelloController.hello() cost 0.0 s
[2023-01-04 23:32:04][SpringApplicationShutdownHook] INFO  com.zaxxer.hikari.HikariDataSource - HikariPool-1 - Shutdown initiated...
[2023-01-04 23:32:04][SpringApplicationShutdownHook] INFO  com.zaxxer.hikari.HikariDataSource - HikariPool-1 - Shutdown completed.
[2023-01-04 23:32:08][background-preinit] INFO  org.hibernate.validator.internal.util.Version - HV000001: Hibernate Validator 8.0.0.Final
[2023-01-04 23:32:08][restartedMain] INFO  com.wjl.virosa.VirosaApplication - Starting VirosaApplication using Java 17.0.2 with PID 26236 (D:\workspace\repo\virosa\virosa-server\build\classes\java\main started by wjl in D:\workspace\repo\virosa\virosa-server)
[2023-01-04 23:32:08][restartedMain] INFO  com.wjl.virosa.VirosaApplication - No active profile set, falling back to 1 default profile: "default"
[2023-01-04 23:32:10][restartedMain] INFO  org.apache.coyote.http11.Http11NioProtocol - Initializing ProtocolHandler ["http-nio-8088"]
[2023-01-04 23:32:10][restartedMain] INFO  org.apache.catalina.core.StandardService - Starting service [Tomcat]
[2023-01-04 23:32:10][restartedMain] INFO  org.apache.catalina.core.StandardEngine - Starting Servlet engine: [Apache Tomcat/10.1.4]
[2023-01-04 23:32:10][restartedMain] INFO  org.apache.catalina.core.ContainerBase.[Tomcat].[localhost].[/] - Initializing Spring embedded WebApplicationContext
[2023-01-04 23:32:10][restartedMain] INFO  com.zaxxer.hikari.HikariDataSource - HikariPool-1 - Starting...
[2023-01-04 23:32:10][restartedMain] INFO  com.zaxxer.hikari.pool.HikariPool - HikariPool-1 - Added connection org.postgresql.jdbc.PgConnection@f991189
[2023-01-04 23:32:10][restartedMain] INFO  com.zaxxer.hikari.HikariDataSource - HikariPool-1 - Start completed.
[2023-01-04 23:32:10][restartedMain] INFO  org.hibernate.jpa.internal.util.LogHelper - HHH000204: Processing PersistenceUnitInfo [name: default]
[2023-01-04 23:32:10][restartedMain] INFO  org.hibernate.Version - HHH000412: Hibernate ORM core version 6.1.6.Final
[2023-01-04 23:32:10][restartedMain] WARN  org.hibernate.orm.deprecation - HHH90000021: Encountered deprecated setting [javax.persistence.sharedCache.mode], use [jakarta.persistence.sharedCache.mode] instead
[2023-01-04 23:32:11][restartedMain] INFO  SQL dialect - HHH000400: Using dialect: org.hibernate.dialect.PostgreSQLDialect
[2023-01-04 23:32:11][restartedMain] INFO  org.hibernate.engine.transaction.jta.platform.internal.JtaPlatformInitiator - HHH000490: Using JtaPlatform implementation: [org.hibernate.engine.transaction.jta.platform.internal.NoJtaPlatform]
[2023-01-04 23:32:12][restartedMain] INFO  org.apache.coyote.http11.Http11NioProtocol - Starting ProtocolHandler ["http-nio-8088"]
[2023-01-04 23:32:12][restartedMain] INFO  com.wjl.virosa.VirosaApplication - Started VirosaApplication in 3.824 seconds (process running for 4.649)
[2023-01-04 23:32:12][RMI TCP Connection(2)-192.168.0.104] INFO  org.apache.catalina.core.ContainerBase.[Tomcat].[localhost].[/] - Initializing Spring DispatcherServlet 'dispatcherServlet'
[2023-01-04 23:32:13][http-nio-8088-exec-1] INFO  com.wjl.virosa.aspect.TimeLogger - com.wjl.virosa.controller.HelloController.hello() cost 0.001 s
[2023-01-04 23:32:15][http-nio-8088-exec-2] INFO  com.wjl.virosa.aspect.TimeLogger - com.wjl.virosa.controller.HelloController.hello() cost 0.0 s
[2023-01-04 23:32:16][http-nio-8088-exec-3] INFO  com.wjl.virosa.aspect.TimeLogger - com.wjl.virosa.controller.HelloController.hello() cost 0.0 s
[2023-01-04 23:32:17][http-nio-8088-exec-4] INFO  com.wjl.virosa.aspect.TimeLogger - com.wjl.virosa.controller.HelloController.hello() cost 0.0 s
[2023-01-04 23:32:18][http-nio-8088-exec-5] INFO  com.wjl.virosa.aspect.TimeLogger - com.wjl.virosa.controller.HelloController.hello() cost 0.0 s
[2023-01-04 23:32:59][SpringApplicationShutdownHook] INFO  com.zaxxer.hikari.HikariDataSource - HikariPool-1 - Shutdown initiated...
[2023-01-04 23:32:59][SpringApplicationShutdownHook] INFO  com.zaxxer.hikari.HikariDataSource - HikariPool-1 - Shutdown completed.
[2023-01-04 23:33:02][background-preinit] INFO  org.hibernate.validator.internal.util.Version - HV000001: Hibernate Validator 8.0.0.Final
[2023-01-04 23:33:02][restartedMain] INFO  com.wjl.virosa.VirosaApplication - Starting VirosaApplication using Java 17.0.2 with PID 1184 (D:\workspace\repo\virosa\virosa-server\build\classes\java\main started by wjl in D:\workspace\repo\virosa\virosa-server)
[2023-01-04 23:33:02][restartedMain] INFO  com.wjl.virosa.VirosaApplication - No active profile set, falling back to 1 default profile: "default"
[2023-01-04 23:33:04][restartedMain] INFO  org.apache.coyote.http11.Http11NioProtocol - Initializing ProtocolHandler ["http-nio-8088"]
[2023-01-04 23:33:04][restartedMain] INFO  org.apache.catalina.core.StandardService - Starting service [Tomcat]
[2023-01-04 23:33:04][restartedMain] INFO  org.apache.catalina.core.StandardEngine - Starting Servlet engine: [Apache Tomcat/10.1.4]
[2023-01-04 23:33:04][restartedMain] INFO  org.apache.catalina.core.ContainerBase.[Tomcat].[localhost].[/] - Initializing Spring embedded WebApplicationContext
[2023-01-04 23:33:04][restartedMain] INFO  com.zaxxer.hikari.HikariDataSource - HikariPool-1 - Starting...
[2023-01-04 23:33:04][restartedMain] INFO  com.zaxxer.hikari.pool.HikariPool - HikariPool-1 - Added connection org.postgresql.jdbc.PgConnection@4f4ada39
[2023-01-04 23:33:04][restartedMain] INFO  com.zaxxer.hikari.HikariDataSource - HikariPool-1 - Start completed.
[2023-01-04 23:33:04][restartedMain] INFO  org.hibernate.jpa.internal.util.LogHelper - HHH000204: Processing PersistenceUnitInfo [name: default]
[2023-01-04 23:33:04][restartedMain] INFO  org.hibernate.Version - HHH000412: Hibernate ORM core version 6.1.6.Final
[2023-01-04 23:33:04][restartedMain] WARN  org.hibernate.orm.deprecation - HHH90000021: Encountered deprecated setting [javax.persistence.sharedCache.mode], use [jakarta.persistence.sharedCache.mode] instead
[2023-01-04 23:33:05][restartedMain] INFO  SQL dialect - HHH000400: Using dialect: org.hibernate.dialect.PostgreSQLDialect
[2023-01-04 23:33:05][restartedMain] INFO  org.hibernate.engine.transaction.jta.platform.internal.JtaPlatformInitiator - HHH000490: Using JtaPlatform implementation: [org.hibernate.engine.transaction.jta.platform.internal.NoJtaPlatform]
[2023-01-04 23:33:06][restartedMain] INFO  org.apache.coyote.http11.Http11NioProtocol - Starting ProtocolHandler ["http-nio-8088"]
[2023-01-04 23:33:06][restartedMain] INFO  com.wjl.virosa.VirosaApplication - Started VirosaApplication in 3.823 seconds (process running for 4.609)
[2023-01-04 23:33:06][RMI TCP Connection(2)-192.168.0.104] INFO  org.apache.catalina.core.ContainerBase.[Tomcat].[localhost].[/] - Initializing Spring DispatcherServlet 'dispatcherServlet'
[2023-01-04 23:33:09][http-nio-8088-exec-1] INFO  com.wjl.virosa.aspect.TimeLogger - com.wjl.virosa.controller.HelloController.hello() cost 0.002 s
[2023-01-04 23:34:31][SpringApplicationShutdownHook] INFO  com.zaxxer.hikari.HikariDataSource - HikariPool-1 - Shutdown initiated...
[2023-01-04 23:34:31][SpringApplicationShutdownHook] INFO  com.zaxxer.hikari.HikariDataSource - HikariPool-1 - Shutdown completed.
[2023-01-04 23:34:35][background-preinit] INFO  org.hibernate.validator.internal.util.Version - HV000001: Hibernate Validator 8.0.0.Final
[2023-01-04 23:34:35][restartedMain] INFO  com.wjl.virosa.VirosaApplication - Starting VirosaApplication using Java 17.0.2 with PID 380 (D:\workspace\repo\virosa\virosa-server\build\classes\java\main started by wjl in D:\workspace\repo\virosa\virosa-server)
[2023-01-04 23:34:35][restartedMain] INFO  com.wjl.virosa.VirosaApplication - No active profile set, falling back to 1 default profile: "default"
[2023-01-04 23:34:37][restartedMain] INFO  org.apache.coyote.http11.Http11NioProtocol - Initializing ProtocolHandler ["http-nio-8088"]
[2023-01-04 23:34:37][restartedMain] INFO  org.apache.catalina.core.StandardService - Starting service [Tomcat]
[2023-01-04 23:34:37][restartedMain] INFO  org.apache.catalina.core.StandardEngine - Starting Servlet engine: [Apache Tomcat/10.1.4]
[2023-01-04 23:34:37][restartedMain] INFO  org.apache.catalina.core.ContainerBase.[Tomcat].[localhost].[/] - Initializing Spring embedded WebApplicationContext
[2023-01-04 23:34:37][restartedMain] INFO  com.zaxxer.hikari.HikariDataSource - HikariPool-1 - Starting...
[2023-01-04 23:34:37][restartedMain] INFO  com.zaxxer.hikari.pool.HikariPool - HikariPool-1 - Added connection org.postgresql.jdbc.PgConnection@35fa6bd4
[2023-01-04 23:34:37][restartedMain] INFO  com.zaxxer.hikari.HikariDataSource - HikariPool-1 - Start completed.
[2023-01-04 23:34:37][restartedMain] INFO  org.hibernate.jpa.internal.util.LogHelper - HHH000204: Processing PersistenceUnitInfo [name: default]
[2023-01-04 23:34:37][restartedMain] INFO  org.hibernate.Version - HHH000412: Hibernate ORM core version 6.1.6.Final
[2023-01-04 23:34:37][restartedMain] WARN  org.hibernate.orm.deprecation - HHH90000021: Encountered deprecated setting [javax.persistence.sharedCache.mode], use [jakarta.persistence.sharedCache.mode] instead
[2023-01-04 23:34:38][restartedMain] INFO  SQL dialect - HHH000400: Using dialect: org.hibernate.dialect.PostgreSQLDialect
[2023-01-04 23:34:38][restartedMain] INFO  org.hibernate.engine.transaction.jta.platform.internal.JtaPlatformInitiator - HHH000490: Using JtaPlatform implementation: [org.hibernate.engine.transaction.jta.platform.internal.NoJtaPlatform]
[2023-01-04 23:34:39][restartedMain] INFO  org.apache.coyote.http11.Http11NioProtocol - Starting ProtocolHandler ["http-nio-8088"]
[2023-01-04 23:34:39][restartedMain] INFO  com.wjl.virosa.VirosaApplication - Started VirosaApplication in 3.872 seconds (process running for 4.695)
[2023-01-04 23:34:39][RMI TCP Connection(2)-192.168.0.104] INFO  org.apache.catalina.core.ContainerBase.[Tomcat].[localhost].[/] - Initializing Spring DispatcherServlet 'dispatcherServlet'
[2023-01-04 23:34:42][http-nio-8088-exec-1] INFO  com.wjl.virosa.aspect.TimeLogger - com.wjl.virosa.controller.HelloController.hello() cost 0.001 s
[2023-01-04 23:35:30][SpringApplicationShutdownHook] INFO  com.zaxxer.hikari.HikariDataSource - HikariPool-1 - Shutdown initiated...
[2023-01-04 23:35:30][SpringApplicationShutdownHook] INFO  com.zaxxer.hikari.HikariDataSource - HikariPool-1 - Shutdown completed.
[2023-01-04 23:35:33][background-preinit] INFO  org.hibernate.validator.internal.util.Version - HV000001: Hibernate Validator 8.0.0.Final
[2023-01-04 23:35:33][restartedMain] INFO  com.wjl.virosa.VirosaApplication - Starting VirosaApplication using Java 17.0.2 with PID 25972 (D:\workspace\repo\virosa\virosa-server\build\classes\java\main started by wjl in D:\workspace\repo\virosa\virosa-server)
[2023-01-04 23:35:33][restartedMain] INFO  com.wjl.virosa.VirosaApplication - No active profile set, falling back to 1 default profile: "default"
[2023-01-04 23:35:35][restartedMain] INFO  org.apache.coyote.http11.Http11NioProtocol - Initializing ProtocolHandler ["http-nio-8088"]
[2023-01-04 23:35:35][restartedMain] INFO  org.apache.catalina.core.StandardService - Starting service [Tomcat]
[2023-01-04 23:35:35][restartedMain] INFO  org.apache.catalina.core.StandardEngine - Starting Servlet engine: [Apache Tomcat/10.1.4]
[2023-01-04 23:35:35][restartedMain] INFO  org.apache.catalina.core.ContainerBase.[Tomcat].[localhost].[/] - Initializing Spring embedded WebApplicationContext
[2023-01-04 23:35:35][restartedMain] INFO  com.zaxxer.hikari.HikariDataSource - HikariPool-1 - Starting...
[2023-01-04 23:35:36][restartedMain] INFO  com.zaxxer.hikari.pool.HikariPool - HikariPool-1 - Added connection org.postgresql.jdbc.PgConnection@6443406
[2023-01-04 23:35:36][restartedMain] INFO  com.zaxxer.hikari.HikariDataSource - HikariPool-1 - Start completed.
[2023-01-04 23:35:36][restartedMain] INFO  org.hibernate.jpa.internal.util.LogHelper - HHH000204: Processing PersistenceUnitInfo [name: default]
[2023-01-04 23:35:36][restartedMain] INFO  org.hibernate.Version - HHH000412: Hibernate ORM core version 6.1.6.Final
[2023-01-04 23:35:36][restartedMain] WARN  org.hibernate.orm.deprecation - HHH90000021: Encountered deprecated setting [javax.persistence.sharedCache.mode], use [jakarta.persistence.sharedCache.mode] instead
[2023-01-04 23:35:36][restartedMain] INFO  SQL dialect - HHH000400: Using dialect: org.hibernate.dialect.PostgreSQLDialect
[2023-01-04 23:35:36][restartedMain] INFO  org.hibernate.engine.transaction.jta.platform.internal.JtaPlatformInitiator - HHH000490: Using JtaPlatform implementation: [org.hibernate.engine.transaction.jta.platform.internal.NoJtaPlatform]
[2023-01-04 23:35:37][restartedMain] INFO  org.apache.coyote.http11.Http11NioProtocol - Starting ProtocolHandler ["http-nio-8088"]
[2023-01-04 23:35:37][restartedMain] INFO  com.wjl.virosa.VirosaApplication - Started VirosaApplication in 3.842 seconds (process running for 4.576)
[2023-01-04 23:35:37][RMI TCP Connection(2)-192.168.0.104] INFO  org.apache.catalina.core.ContainerBase.[Tomcat].[localhost].[/] - Initializing Spring DispatcherServlet 'dispatcherServlet'
[2023-01-04 23:35:40][http-nio-8088-exec-1] INFO  com.wjl.virosa.aspect.TimeLogger - com.wjl.virosa.controller.HelloController.hello() cost 0.001 s
[2023-01-04 23:36:18][http-nio-8088-exec-2] INFO  com.wjl.virosa.aspect.TimeLogger - com.wjl.virosa.controller.HelloController.hello() cost 0.0 s
[2023-01-04 23:36:35][http-nio-8088-exec-6] INFO  com.wjl.virosa.aspect.TimeLogger - com.wjl.virosa.controller.HelloController.hello() cost 0.0 s
[2023-01-04 23:42:58][SpringApplicationShutdownHook] INFO  com.zaxxer.hikari.HikariDataSource - HikariPool-1 - Shutdown initiated...
[2023-01-04 23:42:58][SpringApplicationShutdownHook] INFO  com.zaxxer.hikari.HikariDataSource - HikariPool-1 - Shutdown completed.
[2023-01-04 23:43:04][background-preinit] INFO  org.hibernate.validator.internal.util.Version - HV000001: Hibernate Validator 8.0.0.Final
[2023-01-04 23:43:04][restartedMain] INFO  com.wjl.virosa.VirosaApplication - Starting VirosaApplication using Java 17.0.2 with PID 26256 (D:\workspace\repo\virosa\virosa-server\build\classes\java\main started by wjl in D:\workspace\repo\virosa\virosa-server)
[2023-01-04 23:43:04][restartedMain] INFO  com.wjl.virosa.VirosaApplication - No active profile set, falling back to 1 default profile: "default"
[2023-01-04 23:43:06][restartedMain] INFO  org.apache.coyote.http11.Http11NioProtocol - Initializing ProtocolHandler ["http-nio-8088"]
[2023-01-04 23:43:06][restartedMain] INFO  org.apache.catalina.core.StandardService - Starting service [Tomcat]
[2023-01-04 23:43:06][restartedMain] INFO  org.apache.catalina.core.StandardEngine - Starting Servlet engine: [Apache Tomcat/10.1.4]
[2023-01-04 23:43:06][restartedMain] INFO  org.apache.catalina.core.ContainerBase.[Tomcat].[localhost].[/] - Initializing Spring embedded WebApplicationContext
[2023-01-04 23:43:06][restartedMain] INFO  com.zaxxer.hikari.HikariDataSource - HikariPool-1 - Starting...
[2023-01-04 23:43:06][restartedMain] INFO  com.zaxxer.hikari.pool.HikariPool - HikariPool-1 - Added connection org.postgresql.jdbc.PgConnection@43d7c346
[2023-01-04 23:43:06][restartedMain] INFO  com.zaxxer.hikari.HikariDataSource - HikariPool-1 - Start completed.
[2023-01-04 23:43:06][restartedMain] INFO  org.hibernate.jpa.internal.util.LogHelper - HHH000204: Processing PersistenceUnitInfo [name: default]
[2023-01-04 23:43:06][restartedMain] INFO  org.hibernate.Version - HHH000412: Hibernate ORM core version 6.1.6.Final
[2023-01-04 23:43:07][restartedMain] WARN  org.hibernate.orm.deprecation - HHH90000021: Encountered deprecated setting [javax.persistence.sharedCache.mode], use [jakarta.persistence.sharedCache.mode] instead
[2023-01-04 23:43:07][restartedMain] INFO  SQL dialect - HHH000400: Using dialect: org.hibernate.dialect.PostgreSQLDialect
[2023-01-04 23:43:07][restartedMain] INFO  org.hibernate.engine.transaction.jta.platform.internal.JtaPlatformInitiator - HHH000490: Using JtaPlatform implementation: [org.hibernate.engine.transaction.jta.platform.internal.NoJtaPlatform]
[2023-01-04 23:43:07][restartedMain] INFO  com.zaxxer.hikari.HikariDataSource - HikariPool-1 - Shutdown initiated...
[2023-01-04 23:43:07][restartedMain] INFO  com.zaxxer.hikari.HikariDataSource - HikariPool-1 - Shutdown completed.
[2023-01-04 23:43:07][restartedMain] INFO  org.apache.catalina.core.StandardService - Stopping service [Tomcat]
[2023-01-04 23:43:42][background-preinit] INFO  org.hibernate.validator.internal.util.Version - HV000001: Hibernate Validator 8.0.0.Final
[2023-01-04 23:43:42][restartedMain] INFO  com.wjl.virosa.VirosaApplication - Starting VirosaApplication using Java 17.0.2 with PID 19664 (D:\workspace\repo\virosa\virosa-server\build\classes\java\main started by wjl in D:\workspace\repo\virosa\virosa-server)
[2023-01-04 23:43:42][restartedMain] INFO  com.wjl.virosa.VirosaApplication - No active profile set, falling back to 1 default profile: "default"
[2023-01-04 23:43:43][restartedMain] INFO  org.apache.coyote.http11.Http11NioProtocol - Initializing ProtocolHandler ["http-nio-8088"]
[2023-01-04 23:43:43][restartedMain] INFO  org.apache.catalina.core.StandardService - Starting service [Tomcat]
[2023-01-04 23:43:43][restartedMain] INFO  org.apache.catalina.core.StandardEngine - Starting Servlet engine: [Apache Tomcat/10.1.4]
[2023-01-04 23:43:43][restartedMain] INFO  org.apache.catalina.core.ContainerBase.[Tomcat].[localhost].[/] - Initializing Spring embedded WebApplicationContext
[2023-01-04 23:43:44][restartedMain] INFO  com.zaxxer.hikari.HikariDataSource - HikariPool-1 - Starting...
[2023-01-04 23:43:44][restartedMain] INFO  com.zaxxer.hikari.pool.HikariPool - HikariPool-1 - Added connection org.postgresql.jdbc.PgConnection@69b6dfe8
[2023-01-04 23:43:44][restartedMain] INFO  com.zaxxer.hikari.HikariDataSource - HikariPool-1 - Start completed.
[2023-01-04 23:43:44][restartedMain] INFO  org.hibernate.jpa.internal.util.LogHelper - HHH000204: Processing PersistenceUnitInfo [name: default]
[2023-01-04 23:43:44][restartedMain] INFO  org.hibernate.Version - HHH000412: Hibernate ORM core version 6.1.6.Final
[2023-01-04 23:43:44][restartedMain] WARN  org.hibernate.orm.deprecation - HHH90000021: Encountered deprecated setting [javax.persistence.sharedCache.mode], use [jakarta.persistence.sharedCache.mode] instead
[2023-01-04 23:43:44][restartedMain] INFO  SQL dialect - HHH000400: Using dialect: org.hibernate.dialect.PostgreSQLDialect
[2023-01-04 23:43:44][restartedMain] INFO  org.hibernate.engine.transaction.jta.platform.internal.JtaPlatformInitiator - HHH000490: Using JtaPlatform implementation: [org.hibernate.engine.transaction.jta.platform.internal.NoJtaPlatform]
[2023-01-04 23:43:45][restartedMain] INFO  com.zaxxer.hikari.HikariDataSource - HikariPool-1 - Shutdown initiated...
[2023-01-04 23:43:45][restartedMain] INFO  com.zaxxer.hikari.HikariDataSource - HikariPool-1 - Shutdown completed.
[2023-01-04 23:43:45][restartedMain] INFO  org.apache.catalina.core.StandardService - Stopping service [Tomcat]
[2023-01-04 23:44:03][background-preinit] INFO  org.hibernate.validator.internal.util.Version - HV000001: Hibernate Validator 8.0.0.Final
[2023-01-04 23:44:03][restartedMain] INFO  com.wjl.virosa.VirosaApplication - Starting VirosaApplication using Java 17.0.2 with PID 9992 (D:\workspace\repo\virosa\virosa-server\build\classes\java\main started by wjl in D:\workspace\repo\virosa\virosa-server)
[2023-01-04 23:44:03][restartedMain] INFO  com.wjl.virosa.VirosaApplication - No active profile set, falling back to 1 default profile: "default"
[2023-01-04 23:44:05][restartedMain] INFO  org.apache.coyote.http11.Http11NioProtocol - Initializing ProtocolHandler ["http-nio-8088"]
[2023-01-04 23:44:05][restartedMain] INFO  org.apache.catalina.core.StandardService - Starting service [Tomcat]
[2023-01-04 23:44:05][restartedMain] INFO  org.apache.catalina.core.StandardEngine - Starting Servlet engine: [Apache Tomcat/10.1.4]
[2023-01-04 23:44:05][restartedMain] INFO  org.apache.catalina.core.ContainerBase.[Tomcat].[localhost].[/] - Initializing Spring embedded WebApplicationContext
[2023-01-04 23:44:06][restartedMain] INFO  com.zaxxer.hikari.HikariDataSource - HikariPool-1 - Starting...
[2023-01-04 23:44:06][restartedMain] INFO  com.zaxxer.hikari.pool.HikariPool - HikariPool-1 - Added connection org.postgresql.jdbc.PgConnection@4172e4d
[2023-01-04 23:44:06][restartedMain] INFO  com.zaxxer.hikari.HikariDataSource - HikariPool-1 - Start completed.
[2023-01-04 23:44:06][restartedMain] INFO  org.hibernate.jpa.internal.util.LogHelper - HHH000204: Processing PersistenceUnitInfo [name: default]
[2023-01-04 23:44:06][restartedMain] INFO  org.hibernate.Version - HHH000412: Hibernate ORM core version 6.1.6.Final
[2023-01-04 23:44:06][restartedMain] WARN  org.hibernate.orm.deprecation - HHH90000021: Encountered deprecated setting [javax.persistence.sharedCache.mode], use [jakarta.persistence.sharedCache.mode] instead
[2023-01-04 23:44:06][restartedMain] INFO  SQL dialect - HHH000400: Using dialect: org.hibernate.dialect.PostgreSQLDialect
[2023-01-04 23:44:06][restartedMain] INFO  org.hibernate.engine.transaction.jta.platform.internal.JtaPlatformInitiator - HHH000490: Using JtaPlatform implementation: [org.hibernate.engine.transaction.jta.platform.internal.NoJtaPlatform]
[2023-01-04 23:44:08][restartedMain] INFO  org.apache.coyote.http11.Http11NioProtocol - Starting ProtocolHandler ["http-nio-8088"]
[2023-01-04 23:44:08][restartedMain] INFO  com.wjl.virosa.VirosaApplication - Started VirosaApplication in 4.555 seconds (process running for 5.43)
[2023-01-04 23:44:08][RMI TCP Connection(3)-192.168.0.104] INFO  org.apache.catalina.core.ContainerBase.[Tomcat].[localhost].[/] - Initializing Spring DispatcherServlet 'dispatcherServlet'
[2023-01-04 23:44:12][http-nio-8088-exec-1] INFO  com.wjl.virosa.filter.interceptor.RequestInterceptor - /test/hello
[2023-01-04 23:44:12][http-nio-8088-exec-1] INFO  com.wjl.virosa.aspect.TimeLogger - com.wjl.virosa.controller.HelloController.hello() cost 0.002 s
[2023-01-04 23:44:59][SpringApplicationShutdownHook] INFO  com.zaxxer.hikari.HikariDataSource - HikariPool-1 - Shutdown initiated...
[2023-01-04 23:44:59][SpringApplicationShutdownHook] INFO  com.zaxxer.hikari.HikariDataSource - HikariPool-1 - Shutdown completed.
[2023-01-04 23:45:05][background-preinit] INFO  org.hibernate.validator.internal.util.Version - HV000001: Hibernate Validator 8.0.0.Final
[2023-01-04 23:45:05][restartedMain] INFO  com.wjl.virosa.VirosaApplication - Starting VirosaApplication using Java 17.0.2 with PID 12376 (D:\workspace\repo\virosa\virosa-server\build\classes\java\main started by wjl in D:\workspace\repo\virosa\virosa-server)
[2023-01-04 23:45:05][restartedMain] INFO  com.wjl.virosa.VirosaApplication - No active profile set, falling back to 1 default profile: "default"
[2023-01-04 23:45:07][restartedMain] INFO  org.apache.coyote.http11.Http11NioProtocol - Initializing ProtocolHandler ["http-nio-8088"]
[2023-01-04 23:45:07][restartedMain] INFO  org.apache.catalina.core.StandardService - Starting service [Tomcat]
[2023-01-04 23:45:07][restartedMain] INFO  org.apache.catalina.core.StandardEngine - Starting Servlet engine: [Apache Tomcat/10.1.4]
[2023-01-04 23:45:07][restartedMain] INFO  org.apache.catalina.core.ContainerBase.[Tomcat].[localhost].[/] - Initializing Spring embedded WebApplicationContext
[2023-01-04 23:45:07][restartedMain] INFO  com.zaxxer.hikari.HikariDataSource - HikariPool-1 - Starting...
[2023-01-04 23:45:07][restartedMain] INFO  com.zaxxer.hikari.pool.HikariPool - HikariPool-1 - Added connection org.postgresql.jdbc.PgConnection@b49211a
[2023-01-04 23:45:07][restartedMain] INFO  com.zaxxer.hikari.HikariDataSource - HikariPool-1 - Start completed.
[2023-01-04 23:45:07][restartedMain] INFO  org.hibernate.jpa.internal.util.LogHelper - HHH000204: Processing PersistenceUnitInfo [name: default]
[2023-01-04 23:45:07][restartedMain] INFO  org.hibernate.Version - HHH000412: Hibernate ORM core version 6.1.6.Final
[2023-01-04 23:45:07][restartedMain] WARN  org.hibernate.orm.deprecation - HHH90000021: Encountered deprecated setting [javax.persistence.sharedCache.mode], use [jakarta.persistence.sharedCache.mode] instead
[2023-01-04 23:45:08][restartedMain] INFO  SQL dialect - HHH000400: Using dialect: org.hibernate.dialect.PostgreSQLDialect
[2023-01-04 23:45:08][restartedMain] INFO  org.hibernate.engine.transaction.jta.platform.internal.JtaPlatformInitiator - HHH000490: Using JtaPlatform implementation: [org.hibernate.engine.transaction.jta.platform.internal.NoJtaPlatform]
[2023-01-04 23:45:09][restartedMain] INFO  org.apache.coyote.http11.Http11NioProtocol - Starting ProtocolHandler ["http-nio-8088"]
[2023-01-04 23:45:09][restartedMain] INFO  com.wjl.virosa.VirosaApplication - Started VirosaApplication in 4.355 seconds (process running for 5.251)
[2023-01-04 23:45:09][RMI TCP Connection(2)-192.168.0.104] INFO  org.apache.catalina.core.ContainerBase.[Tomcat].[localhost].[/] - Initializing Spring DispatcherServlet 'dispatcherServlet'
[2023-01-04 23:45:11][http-nio-8088-exec-1] INFO  com.wjl.virosa.filter.interceptor.RequestInterceptor - 127.0.0.1
[2023-01-04 23:45:11][http-nio-8088-exec-1] INFO  com.wjl.virosa.aspect.TimeLogger - com.wjl.virosa.controller.HelloController.hello() cost 0.002 s
[2023-01-04 23:46:01][SpringApplicationShutdownHook] INFO  com.zaxxer.hikari.HikariDataSource - HikariPool-1 - Shutdown initiated...
[2023-01-04 23:46:01][SpringApplicationShutdownHook] INFO  com.zaxxer.hikari.HikariDataSource - HikariPool-1 - Shutdown completed.
[2023-01-04 23:46:07][background-preinit] INFO  org.hibernate.validator.internal.util.Version - HV000001: Hibernate Validator 8.0.0.Final
[2023-01-04 23:46:07][restartedMain] INFO  com.wjl.virosa.VirosaApplication - Starting VirosaApplication using Java 17.0.2 with PID 20836 (D:\workspace\repo\virosa\virosa-server\build\classes\java\main started by wjl in D:\workspace\repo\virosa\virosa-server)
[2023-01-04 23:46:07][restartedMain] INFO  com.wjl.virosa.VirosaApplication - No active profile set, falling back to 1 default profile: "default"
[2023-01-04 23:46:09][restartedMain] INFO  org.apache.coyote.http11.Http11NioProtocol - Initializing ProtocolHandler ["http-nio-8088"]
[2023-01-04 23:46:09][restartedMain] INFO  org.apache.catalina.core.StandardService - Starting service [Tomcat]
[2023-01-04 23:46:09][restartedMain] INFO  org.apache.catalina.core.StandardEngine - Starting Servlet engine: [Apache Tomcat/10.1.4]
[2023-01-04 23:46:09][restartedMain] INFO  org.apache.catalina.core.ContainerBase.[Tomcat].[localhost].[/] - Initializing Spring embedded WebApplicationContext
[2023-01-04 23:46:09][restartedMain] INFO  com.zaxxer.hikari.HikariDataSource - HikariPool-1 - Starting...
[2023-01-04 23:46:09][restartedMain] INFO  com.zaxxer.hikari.pool.HikariPool - HikariPool-1 - Added connection org.postgresql.jdbc.PgConnection@17168163
[2023-01-04 23:46:09][restartedMain] INFO  com.zaxxer.hikari.HikariDataSource - HikariPool-1 - Start completed.
[2023-01-04 23:46:09][restartedMain] INFO  org.hibernate.jpa.internal.util.LogHelper - HHH000204: Processing PersistenceUnitInfo [name: default]
[2023-01-04 23:46:09][restartedMain] INFO  org.hibernate.Version - HHH000412: Hibernate ORM core version 6.1.6.Final
[2023-01-04 23:46:10][restartedMain] WARN  org.hibernate.orm.deprecation - HHH90000021: Encountered deprecated setting [javax.persistence.sharedCache.mode], use [jakarta.persistence.sharedCache.mode] instead
[2023-01-04 23:46:10][restartedMain] INFO  SQL dialect - HHH000400: Using dialect: org.hibernate.dialect.PostgreSQLDialect
[2023-01-04 23:46:10][restartedMain] INFO  org.hibernate.engine.transaction.jta.platform.internal.JtaPlatformInitiator - HHH000490: Using JtaPlatform implementation: [org.hibernate.engine.transaction.jta.platform.internal.NoJtaPlatform]
[2023-01-04 23:46:11][restartedMain] INFO  org.apache.coyote.http11.Http11NioProtocol - Starting ProtocolHandler ["http-nio-8088"]
[2023-01-04 23:46:11][restartedMain] INFO  com.wjl.virosa.VirosaApplication - Started VirosaApplication in 4.619 seconds (process running for 5.531)
[2023-01-04 23:46:12][RMI TCP Connection(4)-192.168.0.104] INFO  org.apache.catalina.core.ContainerBase.[Tomcat].[localhost].[/] - Initializing Spring DispatcherServlet 'dispatcherServlet'
[2023-01-04 23:46:14][http-nio-8088-exec-1] INFO  com.wjl.virosa.filter.interceptor.RequestInterceptor - 127.0.0.1null127.0.0.155421
[2023-01-04 23:46:14][http-nio-8088-exec-1] INFO  com.wjl.virosa.aspect.TimeLogger - com.wjl.virosa.controller.HelloController.hello() cost 0.002 s
[2023-01-04 23:46:39][SpringApplicationShutdownHook] INFO  com.zaxxer.hikari.HikariDataSource - HikariPool-1 - Shutdown initiated...
[2023-01-04 23:46:39][SpringApplicationShutdownHook] INFO  com.zaxxer.hikari.HikariDataSource - HikariPool-1 - Shutdown completed.
[2023-01-04 23:46:45][background-preinit] INFO  org.hibernate.validator.internal.util.Version - HV000001: Hibernate Validator 8.0.0.Final
[2023-01-04 23:46:45][restartedMain] INFO  com.wjl.virosa.VirosaApplication - Starting VirosaApplication using Java 17.0.2 with PID 26264 (D:\workspace\repo\virosa\virosa-server\build\classes\java\main started by wjl in D:\workspace\repo\virosa\virosa-server)
[2023-01-04 23:46:45][restartedMain] INFO  com.wjl.virosa.VirosaApplication - No active profile set, falling back to 1 default profile: "default"
[2023-01-04 23:46:46][restartedMain] INFO  org.apache.coyote.http11.Http11NioProtocol - Initializing ProtocolHandler ["http-nio-8088"]
[2023-01-04 23:46:46][restartedMain] INFO  org.apache.catalina.core.StandardService - Starting service [Tomcat]
[2023-01-04 23:46:46][restartedMain] INFO  org.apache.catalina.core.StandardEngine - Starting Servlet engine: [Apache Tomcat/10.1.4]
[2023-01-04 23:46:46][restartedMain] INFO  org.apache.catalina.core.ContainerBase.[Tomcat].[localhost].[/] - Initializing Spring embedded WebApplicationContext
[2023-01-04 23:46:47][restartedMain] INFO  com.zaxxer.hikari.HikariDataSource - HikariPool-1 - Starting...
[2023-01-04 23:46:47][restartedMain] INFO  com.zaxxer.hikari.pool.HikariPool - HikariPool-1 - Added connection org.postgresql.jdbc.PgConnection@586a2bf3
[2023-01-04 23:46:47][restartedMain] INFO  com.zaxxer.hikari.HikariDataSource - HikariPool-1 - Start completed.
[2023-01-04 23:46:47][restartedMain] INFO  org.hibernate.jpa.internal.util.LogHelper - HHH000204: Processing PersistenceUnitInfo [name: default]
[2023-01-04 23:46:47][restartedMain] INFO  org.hibernate.Version - HHH000412: Hibernate ORM core version 6.1.6.Final
[2023-01-04 23:46:47][restartedMain] WARN  org.hibernate.orm.deprecation - HHH90000021: Encountered deprecated setting [javax.persistence.sharedCache.mode], use [jakarta.persistence.sharedCache.mode] instead
[2023-01-04 23:46:47][restartedMain] INFO  SQL dialect - HHH000400: Using dialect: org.hibernate.dialect.PostgreSQLDialect
[2023-01-04 23:46:48][restartedMain] INFO  org.hibernate.engine.transaction.jta.platform.internal.JtaPlatformInitiator - HHH000490: Using JtaPlatform implementation: [org.hibernate.engine.transaction.jta.platform.internal.NoJtaPlatform]
[2023-01-04 23:46:49][restartedMain] INFO  org.apache.coyote.http11.Http11NioProtocol - Starting ProtocolHandler ["http-nio-8088"]
[2023-01-04 23:46:49][restartedMain] INFO  com.wjl.virosa.VirosaApplication - Started VirosaApplication in 4.409 seconds (process running for 5.29)
[2023-01-04 23:46:49][RMI TCP Connection(2)-192.168.0.104] INFO  org.apache.catalina.core.ContainerBase.[Tomcat].[localhost].[/] - Initializing Spring DispatcherServlet 'dispatcherServlet'
[2023-01-04 23:46:51][http-nio-8088-exec-2] INFO  com.wjl.virosa.filter.interceptor.RequestInterceptor - 127.0.0.1http://localhost:8088/test/hello
[2023-01-04 23:46:51][http-nio-8088-exec-2] INFO  com.wjl.virosa.aspect.TimeLogger - com.wjl.virosa.controller.HelloController.hello() cost 0.002 s
[2023-01-04 23:50:17][SpringApplicationShutdownHook] INFO  com.zaxxer.hikari.HikariDataSource - HikariPool-1 - Shutdown initiated...
[2023-01-04 23:50:17][SpringApplicationShutdownHook] INFO  com.zaxxer.hikari.HikariDataSource - HikariPool-1 - Shutdown completed.
